<?xml version="1.0" encoding="UTF-8"?>
<testng-results skipped="0" failed="0" ignored="0" total="1" passed="1">
  <reporter-output>
  </reporter-output>
  <suite name="Suite" duration-ms="7973" started-at="2018-09-14T11:11:36Z" finished-at="2018-09-14T11:11:44Z">
    <groups>
    </groups>
    <test name="Test" duration-ms="7973" started-at="2018-09-14T11:11:36Z" finished-at="2018-09-14T11:11:44Z">
      <class name="Example.Test1">
        <test-method status="PASS" signature="exe()[pri:0, instance:Example.Test1@7bb11784]" name="exe" duration-ms="7953" started-at="2018-09-14T11:11:36Z" finished-at="2018-09-14T11:11:44Z">
          <reporter-output>
          </reporter-output>
        </test-method> <!-- exe -->
      </class> <!-- Example.Test1 -->
    </test> <!-- Test -->
  </suite> <!-- Suite -->
</testng-results>
